Determining if the Q_WS_WIN exist failed with the following output:
Change Dir: /home/gunshi/Downloads/MultiRobot/slam/cair/build/CMakeFiles/CMakeTmp

Run Build Command:"/usr/bin/make" "cmTC_6a7cc/fast"
/usr/bin/make -f CMakeFiles/cmTC_6a7cc.dir/build.make CMakeFiles/cmTC_6a7cc.dir/build
make[1]: Entering directory '/home/gunshi/Downloads/MultiRobot/slam/cair/build/CMakeFiles/CMakeTmp'
Building CXX object CMakeFiles/cmTC_6a7cc.dir/CheckSymbolExists.cxx.o
/usr/bin/c++   -DLAPACK_USE_F2C -I/usr/include/qt4   -o CMakeFiles/cmTC_6a7cc.dir/CheckSymbolExists.cxx.o -c /home/gunshi/Downloads/MultiRobot/slam/cair/build/CMakeFiles/CMakeTmp/CheckSymbolExists.cxx
/home/gunshi/Downloads/MultiRobot/slam/cair/build/CMakeFiles/CMakeTmp/CheckSymbolExists.cxx: In function ‘int main(int, char**)’:
/home/gunshi/Downloads/MultiRobot/slam/cair/build/CMakeFiles/CMakeTmp/CheckSymbolExists.cxx:8:19: error: ‘Q_WS_WIN’ was not declared in this scope
   return ((int*)(&Q_WS_WIN))[argc];
                   ^
CMakeFiles/cmTC_6a7cc.dir/build.make:65: recipe for target 'CMakeFiles/cmTC_6a7cc.dir/CheckSymbolExists.cxx.o' failed
make[1]: *** [CMakeFiles/cmTC_6a7cc.dir/CheckSymbolExists.cxx.o] Error 1
make[1]: Leaving directory '/home/gunshi/Downloads/MultiRobot/slam/cair/build/CMakeFiles/CMakeTmp'
Makefile:126: recipe for target 'cmTC_6a7cc/fast' failed
make: *** [cmTC_6a7cc/fast] Error 2

File /home/gunshi/Downloads/MultiRobot/slam/cair/build/CMakeFiles/CMakeTmp/CheckSymbolExists.cxx:
/* */
#include <QtCore/qglobal.h>

int main(int argc, char** argv)
{
  (void)argv;
#ifndef Q_WS_WIN
  return ((int*)(&Q_WS_WIN))[argc];
#else
  (void)argc;
  return 0;
#endif
}

Determining if the Q_WS_QWS exist failed with the following output:
Change Dir: /home/gunshi/Downloads/MultiRobot/slam/cair/build/CMakeFiles/CMakeTmp

Run Build Command:"/usr/bin/make" "cmTC_f167f/fast"
/usr/bin/make -f CMakeFiles/cmTC_f167f.dir/build.make CMakeFiles/cmTC_f167f.dir/build
make[1]: Entering directory '/home/gunshi/Downloads/MultiRobot/slam/cair/build/CMakeFiles/CMakeTmp'
Building CXX object CMakeFiles/cmTC_f167f.dir/CheckSymbolExists.cxx.o
/usr/bin/c++   -DLAPACK_USE_F2C -I/usr/include/qt4   -o CMakeFiles/cmTC_f167f.dir/CheckSymbolExists.cxx.o -c /home/gunshi/Downloads/MultiRobot/slam/cair/build/CMakeFiles/CMakeTmp/CheckSymbolExists.cxx
/home/gunshi/Downloads/MultiRobot/slam/cair/build/CMakeFiles/CMakeTmp/CheckSymbolExists.cxx: In function ‘int main(int, char**)’:
/home/gunshi/Downloads/MultiRobot/slam/cair/build/CMakeFiles/CMakeTmp/CheckSymbolExists.cxx:8:19: error: ‘Q_WS_QWS’ was not declared in this scope
   return ((int*)(&Q_WS_QWS))[argc];
                   ^
CMakeFiles/cmTC_f167f.dir/build.make:65: recipe for target 'CMakeFiles/cmTC_f167f.dir/CheckSymbolExists.cxx.o' failed
make[1]: *** [CMakeFiles/cmTC_f167f.dir/CheckSymbolExists.cxx.o] Error 1
make[1]: Leaving directory '/home/gunshi/Downloads/MultiRobot/slam/cair/build/CMakeFiles/CMakeTmp'
Makefile:126: recipe for target 'cmTC_f167f/fast' failed
make: *** [cmTC_f167f/fast] Error 2

File /home/gunshi/Downloads/MultiRobot/slam/cair/build/CMakeFiles/CMakeTmp/CheckSymbolExists.cxx:
/* */
#include <QtCore/qglobal.h>

int main(int argc, char** argv)
{
  (void)argv;
#ifndef Q_WS_QWS
  return ((int*)(&Q_WS_QWS))[argc];
#else
  (void)argc;
  return 0;
#endif
}

Determining if the Q_WS_MAC exist failed with the following output:
Change Dir: /home/gunshi/Downloads/MultiRobot/slam/cair/build/CMakeFiles/CMakeTmp

Run Build Command:"/usr/bin/make" "cmTC_dd4f9/fast"
/usr/bin/make -f CMakeFiles/cmTC_dd4f9.dir/build.make CMakeFiles/cmTC_dd4f9.dir/build
make[1]: Entering directory '/home/gunshi/Downloads/MultiRobot/slam/cair/build/CMakeFiles/CMakeTmp'
Building CXX object CMakeFiles/cmTC_dd4f9.dir/CheckSymbolExists.cxx.o
/usr/bin/c++   -DLAPACK_USE_F2C -I/usr/include/qt4   -o CMakeFiles/cmTC_dd4f9.dir/CheckSymbolExists.cxx.o -c /home/gunshi/Downloads/MultiRobot/slam/cair/build/CMakeFiles/CMakeTmp/CheckSymbolExists.cxx
/home/gunshi/Downloads/MultiRobot/slam/cair/build/CMakeFiles/CMakeTmp/CheckSymbolExists.cxx: In function ‘int main(int, char**)’:
/home/gunshi/Downloads/MultiRobot/slam/cair/build/CMakeFiles/CMakeTmp/CheckSymbolExists.cxx:8:19: error: ‘Q_WS_MAC’ was not declared in this scope
   return ((int*)(&Q_WS_MAC))[argc];
                   ^
CMakeFiles/cmTC_dd4f9.dir/build.make:65: recipe for target 'CMakeFiles/cmTC_dd4f9.dir/CheckSymbolExists.cxx.o' failed
make[1]: *** [CMakeFiles/cmTC_dd4f9.dir/CheckSymbolExists.cxx.o] Error 1
make[1]: Leaving directory '/home/gunshi/Downloads/MultiRobot/slam/cair/build/CMakeFiles/CMakeTmp'
Makefile:126: recipe for target 'cmTC_dd4f9/fast' failed
make: *** [cmTC_dd4f9/fast] Error 2

File /home/gunshi/Downloads/MultiRobot/slam/cair/build/CMakeFiles/CMakeTmp/CheckSymbolExists.cxx:
/* */
#include <QtCore/qglobal.h>

int main(int argc, char** argv)
{
  (void)argv;
#ifndef Q_WS_MAC
  return ((int*)(&Q_WS_MAC))[argc];
#else
  (void)argc;
  return 0;
#endif
}

Determining if the pthread_create exist failed with the following output:
Change Dir: /home/gunshi/Downloads/MultiRobot/slam/cair/build/CMakeFiles/CMakeTmp

Run Build Command:"/usr/bin/make" "cmTC_e2990/fast"
/usr/bin/make -f CMakeFiles/cmTC_e2990.dir/build.make CMakeFiles/cmTC_e2990.dir/build
make[1]: Entering directory '/home/gunshi/Downloads/MultiRobot/slam/cair/build/CMakeFiles/CMakeTmp'
Building C object CMakeFiles/cmTC_e2990.dir/CheckSymbolExists.c.o
/usr/bin/cc  -DLAPACK_USE_F2C  -Wall -W    -o CMakeFiles/cmTC_e2990.dir/CheckSymbolExists.c.o   -c /home/gunshi/Downloads/MultiRobot/slam/cair/build/CMakeFiles/CMakeTmp/CheckSymbolExists.c
Linking C executable cmTC_e2990
/usr/bin/cmake -E cmake_link_script CMakeFiles/cmTC_e2990.dir/link.txt --verbose=1
/usr/bin/cc    -Wall -W     CMakeFiles/cmTC_e2990.dir/CheckSymbolExists.c.o  -o cmTC_e2990 -rdynamic 
CMakeFiles/cmTC_e2990.dir/CheckSymbolExists.c.o: In function `main':
CheckSymbolExists.c:(.text+0x16): undefined reference to `pthread_create'
collect2: error: ld returned 1 exit status
CMakeFiles/cmTC_e2990.dir/build.make:97: recipe for target 'cmTC_e2990' failed
make[1]: *** [cmTC_e2990] Error 1
make[1]: Leaving directory '/home/gunshi/Downloads/MultiRobot/slam/cair/build/CMakeFiles/CMakeTmp'
Makefile:126: recipe for target 'cmTC_e2990/fast' failed
make: *** [cmTC_e2990/fast] Error 2

File /home/gunshi/Downloads/MultiRobot/slam/cair/build/CMakeFiles/CMakeTmp/CheckSymbolExists.c:
/* */
#include <pthread.h>

int main(int argc, char** argv)
{
  (void)argv;
#ifndef pthread_create
  return ((int*)(&pthread_create))[argc];
#else
  (void)argc;
  return 0;
#endif
}

Determining if the function pthread_create exists in the pthreads failed with the following output:
Change Dir: /home/gunshi/Downloads/MultiRobot/slam/cair/build/CMakeFiles/CMakeTmp

Run Build Command:"/usr/bin/make" "cmTC_8e095/fast"
/usr/bin/make -f CMakeFiles/cmTC_8e095.dir/build.make CMakeFiles/cmTC_8e095.dir/build
make[1]: Entering directory '/home/gunshi/Downloads/MultiRobot/slam/cair/build/CMakeFiles/CMakeTmp'
Building C object CMakeFiles/cmTC_8e095.dir/CheckFunctionExists.c.o
/usr/bin/cc  -DLAPACK_USE_F2C  -Wall -W -DCHECK_FUNCTION_EXISTS=pthread_create   -o CMakeFiles/cmTC_8e095.dir/CheckFunctionExists.c.o   -c /usr/share/cmake-3.5/Modules/CheckFunctionExists.c
Linking C executable cmTC_8e095
/usr/bin/cmake -E cmake_link_script CMakeFiles/cmTC_8e095.dir/link.txt --verbose=1
/usr/bin/cc    -Wall -W -DCHECK_FUNCTION_EXISTS=pthread_create    CMakeFiles/cmTC_8e095.dir/CheckFunctionExists.c.o  -o cmTC_8e095 -rdynamic -lpthreads 
/usr/bin/ld: cannot find -lpthreads
collect2: error: ld returned 1 exit status
CMakeFiles/cmTC_8e095.dir/build.make:97: recipe for target 'cmTC_8e095' failed
make[1]: *** [cmTC_8e095] Error 1
make[1]: Leaving directory '/home/gunshi/Downloads/MultiRobot/slam/cair/build/CMakeFiles/CMakeTmp'
Makefile:126: recipe for target 'cmTC_8e095/fast' failed
make: *** [cmTC_8e095/fast] Error 2


Determining if the Q_WS_WIN exist failed with the following output:
Change Dir: /home/gunshi/Downloads/MultiRobot/cair/build/CMakeFiles/CMakeTmp

Run Build Command:"/usr/bin/make" "cmTC_2d44d/fast"
/usr/bin/make -f CMakeFiles/cmTC_2d44d.dir/build.make CMakeFiles/cmTC_2d44d.dir/build
make[1]: Entering directory '/home/gunshi/Downloads/MultiRobot/cair/build/CMakeFiles/CMakeTmp'
Building CXX object CMakeFiles/cmTC_2d44d.dir/CheckSymbolExists.cxx.o
/usr/bin/c++   -DLAPACK_USE_F2C -I/usr/include/qt4   -o CMakeFiles/cmTC_2d44d.dir/CheckSymbolExists.cxx.o -c /home/gunshi/Downloads/MultiRobot/cair/build/CMakeFiles/CMakeTmp/CheckSymbolExists.cxx
/home/gunshi/Downloads/MultiRobot/cair/build/CMakeFiles/CMakeTmp/CheckSymbolExists.cxx: In function ‘int main(int, char**)’:
/home/gunshi/Downloads/MultiRobot/cair/build/CMakeFiles/CMakeTmp/CheckSymbolExists.cxx:8:19: error: ‘Q_WS_WIN’ was not declared in this scope
   return ((int*)(&Q_WS_WIN))[argc];
                   ^
CMakeFiles/cmTC_2d44d.dir/build.make:65: recipe for target 'CMakeFiles/cmTC_2d44d.dir/CheckSymbolExists.cxx.o' failed
make[1]: *** [CMakeFiles/cmTC_2d44d.dir/CheckSymbolExists.cxx.o] Error 1
make[1]: Leaving directory '/home/gunshi/Downloads/MultiRobot/cair/build/CMakeFiles/CMakeTmp'
Makefile:126: recipe for target 'cmTC_2d44d/fast' failed
make: *** [cmTC_2d44d/fast] Error 2

File /home/gunshi/Downloads/MultiRobot/cair/build/CMakeFiles/CMakeTmp/CheckSymbolExists.cxx:
/* */
#include <QtCore/qglobal.h>

int main(int argc, char** argv)
{
  (void)argv;
#ifndef Q_WS_WIN
  return ((int*)(&Q_WS_WIN))[argc];
#else
  (void)argc;
  return 0;
#endif
}

Determining if the Q_WS_QWS exist failed with the following output:
Change Dir: /home/gunshi/Downloads/MultiRobot/cair/build/CMakeFiles/CMakeTmp

Run Build Command:"/usr/bin/make" "cmTC_a6708/fast"
/usr/bin/make -f CMakeFiles/cmTC_a6708.dir/build.make CMakeFiles/cmTC_a6708.dir/build
make[1]: Entering directory '/home/gunshi/Downloads/MultiRobot/cair/build/CMakeFiles/CMakeTmp'
Building CXX object CMakeFiles/cmTC_a6708.dir/CheckSymbolExists.cxx.o
/usr/bin/c++   -DLAPACK_USE_F2C -I/usr/include/qt4   -o CMakeFiles/cmTC_a6708.dir/CheckSymbolExists.cxx.o -c /home/gunshi/Downloads/MultiRobot/cair/build/CMakeFiles/CMakeTmp/CheckSymbolExists.cxx
/home/gunshi/Downloads/MultiRobot/cair/build/CMakeFiles/CMakeTmp/CheckSymbolExists.cxx: In function ‘int main(int, char**)’:
/home/gunshi/Downloads/MultiRobot/cair/build/CMakeFiles/CMakeTmp/CheckSymbolExists.cxx:8:19: error: ‘Q_WS_QWS’ was not declared in this scope
   return ((int*)(&Q_WS_QWS))[argc];
                   ^
CMakeFiles/cmTC_a6708.dir/build.make:65: recipe for target 'CMakeFiles/cmTC_a6708.dir/CheckSymbolExists.cxx.o' failed
make[1]: *** [CMakeFiles/cmTC_a6708.dir/CheckSymbolExists.cxx.o] Error 1
make[1]: Leaving directory '/home/gunshi/Downloads/MultiRobot/cair/build/CMakeFiles/CMakeTmp'
Makefile:126: recipe for target 'cmTC_a6708/fast' failed
make: *** [cmTC_a6708/fast] Error 2

File /home/gunshi/Downloads/MultiRobot/cair/build/CMakeFiles/CMakeTmp/CheckSymbolExists.cxx:
/* */
#include <QtCore/qglobal.h>

int main(int argc, char** argv)
{
  (void)argv;
#ifndef Q_WS_QWS
  return ((int*)(&Q_WS_QWS))[argc];
#else
  (void)argc;
  return 0;
#endif
}

Determining if the Q_WS_MAC exist failed with the following output:
Change Dir: /home/gunshi/Downloads/MultiRobot/cair/build/CMakeFiles/CMakeTmp

Run Build Command:"/usr/bin/make" "cmTC_ac823/fast"
/usr/bin/make -f CMakeFiles/cmTC_ac823.dir/build.make CMakeFiles/cmTC_ac823.dir/build
make[1]: Entering directory '/home/gunshi/Downloads/MultiRobot/cair/build/CMakeFiles/CMakeTmp'
Building CXX object CMakeFiles/cmTC_ac823.dir/CheckSymbolExists.cxx.o
/usr/bin/c++   -DLAPACK_USE_F2C -I/usr/include/qt4   -o CMakeFiles/cmTC_ac823.dir/CheckSymbolExists.cxx.o -c /home/gunshi/Downloads/MultiRobot/cair/build/CMakeFiles/CMakeTmp/CheckSymbolExists.cxx
/home/gunshi/Downloads/MultiRobot/cair/build/CMakeFiles/CMakeTmp/CheckSymbolExists.cxx: In function ‘int main(int, char**)’:
/home/gunshi/Downloads/MultiRobot/cair/build/CMakeFiles/CMakeTmp/CheckSymbolExists.cxx:8:19: error: ‘Q_WS_MAC’ was not declared in this scope
   return ((int*)(&Q_WS_MAC))[argc];
                   ^
CMakeFiles/cmTC_ac823.dir/build.make:65: recipe for target 'CMakeFiles/cmTC_ac823.dir/CheckSymbolExists.cxx.o' failed
make[1]: *** [CMakeFiles/cmTC_ac823.dir/CheckSymbolExists.cxx.o] Error 1
make[1]: Leaving directory '/home/gunshi/Downloads/MultiRobot/cair/build/CMakeFiles/CMakeTmp'
Makefile:126: recipe for target 'cmTC_ac823/fast' failed
make: *** [cmTC_ac823/fast] Error 2

File /home/gunshi/Downloads/MultiRobot/cair/build/CMakeFiles/CMakeTmp/CheckSymbolExists.cxx:
/* */
#include <QtCore/qglobal.h>

int main(int argc, char** argv)
{
  (void)argv;
#ifndef Q_WS_MAC
  return ((int*)(&Q_WS_MAC))[argc];
#else
  (void)argc;
  return 0;
#endif
}

Determining if the pthread_create exist failed with the following output:
Change Dir: /home/gunshi/Downloads/MultiRobot/cair/build/CMakeFiles/CMakeTmp

Run Build Command:"/usr/bin/make" "cmTC_20b5e/fast"
/usr/bin/make -f CMakeFiles/cmTC_20b5e.dir/build.make CMakeFiles/cmTC_20b5e.dir/build
make[1]: Entering directory '/home/gunshi/Downloads/MultiRobot/cair/build/CMakeFiles/CMakeTmp'
Building C object CMakeFiles/cmTC_20b5e.dir/CheckSymbolExists.c.o
/usr/bin/cc  -DLAPACK_USE_F2C  -Wall -W    -o CMakeFiles/cmTC_20b5e.dir/CheckSymbolExists.c.o   -c /home/gunshi/Downloads/MultiRobot/cair/build/CMakeFiles/CMakeTmp/CheckSymbolExists.c
Linking C executable cmTC_20b5e
/usr/bin/cmake -E cmake_link_script CMakeFiles/cmTC_20b5e.dir/link.txt --verbose=1
/usr/bin/cc    -Wall -W     CMakeFiles/cmTC_20b5e.dir/CheckSymbolExists.c.o  -o cmTC_20b5e -rdynamic 
CMakeFiles/cmTC_20b5e.dir/CheckSymbolExists.c.o: In function `main':
CheckSymbolExists.c:(.text+0x16): undefined reference to `pthread_create'
collect2: error: ld returned 1 exit status
CMakeFiles/cmTC_20b5e.dir/build.make:97: recipe for target 'cmTC_20b5e' failed
make[1]: *** [cmTC_20b5e] Error 1
make[1]: Leaving directory '/home/gunshi/Downloads/MultiRobot/cair/build/CMakeFiles/CMakeTmp'
Makefile:126: recipe for target 'cmTC_20b5e/fast' failed
make: *** [cmTC_20b5e/fast] Error 2

File /home/gunshi/Downloads/MultiRobot/cair/build/CMakeFiles/CMakeTmp/CheckSymbolExists.c:
/* */
#include <pthread.h>

int main(int argc, char** argv)
{
  (void)argv;
#ifndef pthread_create
  return ((int*)(&pthread_create))[argc];
#else
  (void)argc;
  return 0;
#endif
}

Determining if the function pthread_create exists in the pthreads failed with the following output:
Change Dir: /home/gunshi/Downloads/MultiRobot/cair/build/CMakeFiles/CMakeTmp

Run Build Command:"/usr/bin/make" "cmTC_3bb21/fast"
/usr/bin/make -f CMakeFiles/cmTC_3bb21.dir/build.make CMakeFiles/cmTC_3bb21.dir/build
make[1]: Entering directory '/home/gunshi/Downloads/MultiRobot/cair/build/CMakeFiles/CMakeTmp'
Building C object CMakeFiles/cmTC_3bb21.dir/CheckFunctionExists.c.o
/usr/bin/cc  -DLAPACK_USE_F2C  -Wall -W -DCHECK_FUNCTION_EXISTS=pthread_create   -o CMakeFiles/cmTC_3bb21.dir/CheckFunctionExists.c.o   -c /usr/share/cmake-3.5/Modules/CheckFunctionExists.c
Linking C executable cmTC_3bb21
/usr/bin/cmake -E cmake_link_script CMakeFiles/cmTC_3bb21.dir/link.txt --verbose=1
/usr/bin/cc    -Wall -W -DCHECK_FUNCTION_EXISTS=pthread_create    CMakeFiles/cmTC_3bb21.dir/CheckFunctionExists.c.o  -o cmTC_3bb21 -rdynamic -lpthreads 
/usr/bin/ld: cannot find -lpthreads
collect2: error: ld returned 1 exit status
CMakeFiles/cmTC_3bb21.dir/build.make:97: recipe for target 'cmTC_3bb21' failed
make[1]: *** [cmTC_3bb21] Error 1
make[1]: Leaving directory '/home/gunshi/Downloads/MultiRobot/cair/build/CMakeFiles/CMakeTmp'
Makefile:126: recipe for target 'cmTC_3bb21/fast' failed
make: *** [cmTC_3bb21/fast] Error 2


Determining if the Q_WS_WIN exist failed with the following output:
Change Dir: /home/gunshi/Downloads/MultiRobot/cair/build/CMakeFiles/CMakeTmp

Run Build Command:"/usr/bin/make" "cmTC_6eb1f/fast"
/usr/bin/make -f CMakeFiles/cmTC_6eb1f.dir/build.make CMakeFiles/cmTC_6eb1f.dir/build
make[1]: Entering directory '/home/gunshi/Downloads/MultiRobot/cair/build/CMakeFiles/CMakeTmp'
Building CXX object CMakeFiles/cmTC_6eb1f.dir/CheckSymbolExists.cxx.o
/usr/bin/c++   -DLAPACK_USE_F2C -I/usr/include/qt4   -o CMakeFiles/cmTC_6eb1f.dir/CheckSymbolExists.cxx.o -c /home/gunshi/Downloads/MultiRobot/cair/build/CMakeFiles/CMakeTmp/CheckSymbolExists.cxx
/home/gunshi/Downloads/MultiRobot/cair/build/CMakeFiles/CMakeTmp/CheckSymbolExists.cxx: In function ‘int main(int, char**)’:
/home/gunshi/Downloads/MultiRobot/cair/build/CMakeFiles/CMakeTmp/CheckSymbolExists.cxx:8:19: error: ‘Q_WS_WIN’ was not declared in this scope
   return ((int*)(&Q_WS_WIN))[argc];
                   ^
CMakeFiles/cmTC_6eb1f.dir/build.make:65: recipe for target 'CMakeFiles/cmTC_6eb1f.dir/CheckSymbolExists.cxx.o' failed
make[1]: *** [CMakeFiles/cmTC_6eb1f.dir/CheckSymbolExists.cxx.o] Error 1
make[1]: Leaving directory '/home/gunshi/Downloads/MultiRobot/cair/build/CMakeFiles/CMakeTmp'
Makefile:126: recipe for target 'cmTC_6eb1f/fast' failed
make: *** [cmTC_6eb1f/fast] Error 2

File /home/gunshi/Downloads/MultiRobot/cair/build/CMakeFiles/CMakeTmp/CheckSymbolExists.cxx:
/* */
#include <QtCore/qglobal.h>

int main(int argc, char** argv)
{
  (void)argv;
#ifndef Q_WS_WIN
  return ((int*)(&Q_WS_WIN))[argc];
#else
  (void)argc;
  return 0;
#endif
}

Determining if the Q_WS_QWS exist failed with the following output:
Change Dir: /home/gunshi/Downloads/MultiRobot/cair/build/CMakeFiles/CMakeTmp

Run Build Command:"/usr/bin/make" "cmTC_219ae/fast"
/usr/bin/make -f CMakeFiles/cmTC_219ae.dir/build.make CMakeFiles/cmTC_219ae.dir/build
make[1]: Entering directory '/home/gunshi/Downloads/MultiRobot/cair/build/CMakeFiles/CMakeTmp'
Building CXX object CMakeFiles/cmTC_219ae.dir/CheckSymbolExists.cxx.o
/usr/bin/c++   -DLAPACK_USE_F2C -I/usr/include/qt4   -o CMakeFiles/cmTC_219ae.dir/CheckSymbolExists.cxx.o -c /home/gunshi/Downloads/MultiRobot/cair/build/CMakeFiles/CMakeTmp/CheckSymbolExists.cxx
/home/gunshi/Downloads/MultiRobot/cair/build/CMakeFiles/CMakeTmp/CheckSymbolExists.cxx: In function ‘int main(int, char**)’:
/home/gunshi/Downloads/MultiRobot/cair/build/CMakeFiles/CMakeTmp/CheckSymbolExists.cxx:8:19: error: ‘Q_WS_QWS’ was not declared in this scope
   return ((int*)(&Q_WS_QWS))[argc];
                   ^
CMakeFiles/cmTC_219ae.dir/build.make:65: recipe for target 'CMakeFiles/cmTC_219ae.dir/CheckSymbolExists.cxx.o' failed
make[1]: *** [CMakeFiles/cmTC_219ae.dir/CheckSymbolExists.cxx.o] Error 1
make[1]: Leaving directory '/home/gunshi/Downloads/MultiRobot/cair/build/CMakeFiles/CMakeTmp'
Makefile:126: recipe for target 'cmTC_219ae/fast' failed
make: *** [cmTC_219ae/fast] Error 2

File /home/gunshi/Downloads/MultiRobot/cair/build/CMakeFiles/CMakeTmp/CheckSymbolExists.cxx:
/* */
#include <QtCore/qglobal.h>

int main(int argc, char** argv)
{
  (void)argv;
#ifndef Q_WS_QWS
  return ((int*)(&Q_WS_QWS))[argc];
#else
  (void)argc;
  return 0;
#endif
}

Determining if the Q_WS_MAC exist failed with the following output:
Change Dir: /home/gunshi/Downloads/MultiRobot/cair/build/CMakeFiles/CMakeTmp

Run Build Command:"/usr/bin/make" "cmTC_c8cd8/fast"
/usr/bin/make -f CMakeFiles/cmTC_c8cd8.dir/build.make CMakeFiles/cmTC_c8cd8.dir/build
make[1]: Entering directory '/home/gunshi/Downloads/MultiRobot/cair/build/CMakeFiles/CMakeTmp'
Building CXX object CMakeFiles/cmTC_c8cd8.dir/CheckSymbolExists.cxx.o
/usr/bin/c++   -DLAPACK_USE_F2C -I/usr/include/qt4   -o CMakeFiles/cmTC_c8cd8.dir/CheckSymbolExists.cxx.o -c /home/gunshi/Downloads/MultiRobot/cair/build/CMakeFiles/CMakeTmp/CheckSymbolExists.cxx
/home/gunshi/Downloads/MultiRobot/cair/build/CMakeFiles/CMakeTmp/CheckSymbolExists.cxx: In function ‘int main(int, char**)’:
/home/gunshi/Downloads/MultiRobot/cair/build/CMakeFiles/CMakeTmp/CheckSymbolExists.cxx:8:19: error: ‘Q_WS_MAC’ was not declared in this scope
   return ((int*)(&Q_WS_MAC))[argc];
                   ^
CMakeFiles/cmTC_c8cd8.dir/build.make:65: recipe for target 'CMakeFiles/cmTC_c8cd8.dir/CheckSymbolExists.cxx.o' failed
make[1]: *** [CMakeFiles/cmTC_c8cd8.dir/CheckSymbolExists.cxx.o] Error 1
make[1]: Leaving directory '/home/gunshi/Downloads/MultiRobot/cair/build/CMakeFiles/CMakeTmp'
Makefile:126: recipe for target 'cmTC_c8cd8/fast' failed
make: *** [cmTC_c8cd8/fast] Error 2

File /home/gunshi/Downloads/MultiRobot/cair/build/CMakeFiles/CMakeTmp/CheckSymbolExists.cxx:
/* */
#include <QtCore/qglobal.h>

int main(int argc, char** argv)
{
  (void)argv;
#ifndef Q_WS_MAC
  return ((int*)(&Q_WS_MAC))[argc];
#else
  (void)argc;
  return 0;
#endif
}

Determining if the pthread_create exist failed with the following output:
Change Dir: /home/gunshi/Downloads/MultiRobot/cair/build/CMakeFiles/CMakeTmp

Run Build Command:"/usr/bin/make" "cmTC_54d32/fast"
/usr/bin/make -f CMakeFiles/cmTC_54d32.dir/build.make CMakeFiles/cmTC_54d32.dir/build
make[1]: Entering directory '/home/gunshi/Downloads/MultiRobot/cair/build/CMakeFiles/CMakeTmp'
Building C object CMakeFiles/cmTC_54d32.dir/CheckSymbolExists.c.o
/usr/bin/cc  -DLAPACK_USE_F2C  -Wall -W    -o CMakeFiles/cmTC_54d32.dir/CheckSymbolExists.c.o   -c /home/gunshi/Downloads/MultiRobot/cair/build/CMakeFiles/CMakeTmp/CheckSymbolExists.c
Linking C executable cmTC_54d32
/usr/bin/cmake -E cmake_link_script CMakeFiles/cmTC_54d32.dir/link.txt --verbose=1
/usr/bin/cc    -Wall -W     CMakeFiles/cmTC_54d32.dir/CheckSymbolExists.c.o  -o cmTC_54d32 -rdynamic 
CMakeFiles/cmTC_54d32.dir/CheckSymbolExists.c.o: In function `main':
CheckSymbolExists.c:(.text+0x16): undefined reference to `pthread_create'
collect2: error: ld returned 1 exit status
CMakeFiles/cmTC_54d32.dir/build.make:97: recipe for target 'cmTC_54d32' failed
make[1]: *** [cmTC_54d32] Error 1
make[1]: Leaving directory '/home/gunshi/Downloads/MultiRobot/cair/build/CMakeFiles/CMakeTmp'
Makefile:126: recipe for target 'cmTC_54d32/fast' failed
make: *** [cmTC_54d32/fast] Error 2

File /home/gunshi/Downloads/MultiRobot/cair/build/CMakeFiles/CMakeTmp/CheckSymbolExists.c:
/* */
#include <pthread.h>

int main(int argc, char** argv)
{
  (void)argv;
#ifndef pthread_create
  return ((int*)(&pthread_create))[argc];
#else
  (void)argc;
  return 0;
#endif
}

Determining if the function pthread_create exists in the pthreads failed with the following output:
Change Dir: /home/gunshi/Downloads/MultiRobot/cair/build/CMakeFiles/CMakeTmp

Run Build Command:"/usr/bin/make" "cmTC_07db3/fast"
/usr/bin/make -f CMakeFiles/cmTC_07db3.dir/build.make CMakeFiles/cmTC_07db3.dir/build
make[1]: Entering directory '/home/gunshi/Downloads/MultiRobot/cair/build/CMakeFiles/CMakeTmp'
Building C object CMakeFiles/cmTC_07db3.dir/CheckFunctionExists.c.o
/usr/bin/cc  -DLAPACK_USE_F2C  -Wall -W -DCHECK_FUNCTION_EXISTS=pthread_create   -o CMakeFiles/cmTC_07db3.dir/CheckFunctionExists.c.o   -c /usr/share/cmake-3.5/Modules/CheckFunctionExists.c
Linking C executable cmTC_07db3
/usr/bin/cmake -E cmake_link_script CMakeFiles/cmTC_07db3.dir/link.txt --verbose=1
/usr/bin/cc    -Wall -W -DCHECK_FUNCTION_EXISTS=pthread_create    CMakeFiles/cmTC_07db3.dir/CheckFunctionExists.c.o  -o cmTC_07db3 -rdynamic -lpthreads 
/usr/bin/ld: cannot find -lpthreads
collect2: error: ld returned 1 exit status
CMakeFiles/cmTC_07db3.dir/build.make:97: recipe for target 'cmTC_07db3' failed
make[1]: *** [cmTC_07db3] Error 1
make[1]: Leaving directory '/home/gunshi/Downloads/MultiRobot/cair/build/CMakeFiles/CMakeTmp'
Makefile:126: recipe for target 'cmTC_07db3/fast' failed
make: *** [cmTC_07db3/fast] Error 2


Determining if the Q_WS_WIN exist failed with the following output:
Change Dir: /home/gunshi/Downloads/MultiRobot/backward/build/CMakeFiles/CMakeTmp

Run Build Command:"/usr/bin/make" "cmTC_bffa4/fast"
/usr/bin/make -f CMakeFiles/cmTC_bffa4.dir/build.make CMakeFiles/cmTC_bffa4.dir/build
make[1]: Entering directory '/home/gunshi/Downloads/MultiRobot/backward/build/CMakeFiles/CMakeTmp'
Building CXX object CMakeFiles/cmTC_bffa4.dir/CheckSymbolExists.cxx.o
/usr/bin/c++   -DLAPACK_USE_F2C -I/usr/include/qt4   -o CMakeFiles/cmTC_bffa4.dir/CheckSymbolExists.cxx.o -c /home/gunshi/Downloads/MultiRobot/backward/build/CMakeFiles/CMakeTmp/CheckSymbolExists.cxx
/home/gunshi/Downloads/MultiRobot/backward/build/CMakeFiles/CMakeTmp/CheckSymbolExists.cxx: In function ‘int main(int, char**)’:
/home/gunshi/Downloads/MultiRobot/backward/build/CMakeFiles/CMakeTmp/CheckSymbolExists.cxx:8:19: error: ‘Q_WS_WIN’ was not declared in this scope
   return ((int*)(&Q_WS_WIN))[argc];
                   ^
CMakeFiles/cmTC_bffa4.dir/build.make:65: recipe for target 'CMakeFiles/cmTC_bffa4.dir/CheckSymbolExists.cxx.o' failed
make[1]: *** [CMakeFiles/cmTC_bffa4.dir/CheckSymbolExists.cxx.o] Error 1
make[1]: Leaving directory '/home/gunshi/Downloads/MultiRobot/backward/build/CMakeFiles/CMakeTmp'
Makefile:126: recipe for target 'cmTC_bffa4/fast' failed
make: *** [cmTC_bffa4/fast] Error 2

File /home/gunshi/Downloads/MultiRobot/backward/build/CMakeFiles/CMakeTmp/CheckSymbolExists.cxx:
/* */
#include <QtCore/qglobal.h>

int main(int argc, char** argv)
{
  (void)argv;
#ifndef Q_WS_WIN
  return ((int*)(&Q_WS_WIN))[argc];
#else
  (void)argc;
  return 0;
#endif
}

Determining if the Q_WS_QWS exist failed with the following output:
Change Dir: /home/gunshi/Downloads/MultiRobot/backward/build/CMakeFiles/CMakeTmp

Run Build Command:"/usr/bin/make" "cmTC_5576d/fast"
/usr/bin/make -f CMakeFiles/cmTC_5576d.dir/build.make CMakeFiles/cmTC_5576d.dir/build
make[1]: Entering directory '/home/gunshi/Downloads/MultiRobot/backward/build/CMakeFiles/CMakeTmp'
Building CXX object CMakeFiles/cmTC_5576d.dir/CheckSymbolExists.cxx.o
/usr/bin/c++   -DLAPACK_USE_F2C -I/usr/include/qt4   -o CMakeFiles/cmTC_5576d.dir/CheckSymbolExists.cxx.o -c /home/gunshi/Downloads/MultiRobot/backward/build/CMakeFiles/CMakeTmp/CheckSymbolExists.cxx
/home/gunshi/Downloads/MultiRobot/backward/build/CMakeFiles/CMakeTmp/CheckSymbolExists.cxx: In function ‘int main(int, char**)’:
/home/gunshi/Downloads/MultiRobot/backward/build/CMakeFiles/CMakeTmp/CheckSymbolExists.cxx:8:19: error: ‘Q_WS_QWS’ was not declared in this scope
   return ((int*)(&Q_WS_QWS))[argc];
                   ^
CMakeFiles/cmTC_5576d.dir/build.make:65: recipe for target 'CMakeFiles/cmTC_5576d.dir/CheckSymbolExists.cxx.o' failed
make[1]: *** [CMakeFiles/cmTC_5576d.dir/CheckSymbolExists.cxx.o] Error 1
make[1]: Leaving directory '/home/gunshi/Downloads/MultiRobot/backward/build/CMakeFiles/CMakeTmp'
Makefile:126: recipe for target 'cmTC_5576d/fast' failed
make: *** [cmTC_5576d/fast] Error 2

File /home/gunshi/Downloads/MultiRobot/backward/build/CMakeFiles/CMakeTmp/CheckSymbolExists.cxx:
/* */
#include <QtCore/qglobal.h>

int main(int argc, char** argv)
{
  (void)argv;
#ifndef Q_WS_QWS
  return ((int*)(&Q_WS_QWS))[argc];
#else
  (void)argc;
  return 0;
#endif
}

Determining if the Q_WS_MAC exist failed with the following output:
Change Dir: /home/gunshi/Downloads/MultiRobot/backward/build/CMakeFiles/CMakeTmp

Run Build Command:"/usr/bin/make" "cmTC_6afd6/fast"
/usr/bin/make -f CMakeFiles/cmTC_6afd6.dir/build.make CMakeFiles/cmTC_6afd6.dir/build
make[1]: Entering directory '/home/gunshi/Downloads/MultiRobot/backward/build/CMakeFiles/CMakeTmp'
Building CXX object CMakeFiles/cmTC_6afd6.dir/CheckSymbolExists.cxx.o
/usr/bin/c++   -DLAPACK_USE_F2C -I/usr/include/qt4   -o CMakeFiles/cmTC_6afd6.dir/CheckSymbolExists.cxx.o -c /home/gunshi/Downloads/MultiRobot/backward/build/CMakeFiles/CMakeTmp/CheckSymbolExists.cxx
/home/gunshi/Downloads/MultiRobot/backward/build/CMakeFiles/CMakeTmp/CheckSymbolExists.cxx: In function ‘int main(int, char**)’:
/home/gunshi/Downloads/MultiRobot/backward/build/CMakeFiles/CMakeTmp/CheckSymbolExists.cxx:8:19: error: ‘Q_WS_MAC’ was not declared in this scope
   return ((int*)(&Q_WS_MAC))[argc];
                   ^
CMakeFiles/cmTC_6afd6.dir/build.make:65: recipe for target 'CMakeFiles/cmTC_6afd6.dir/CheckSymbolExists.cxx.o' failed
make[1]: *** [CMakeFiles/cmTC_6afd6.dir/CheckSymbolExists.cxx.o] Error 1
make[1]: Leaving directory '/home/gunshi/Downloads/MultiRobot/backward/build/CMakeFiles/CMakeTmp'
Makefile:126: recipe for target 'cmTC_6afd6/fast' failed
make: *** [cmTC_6afd6/fast] Error 2

File /home/gunshi/Downloads/MultiRobot/backward/build/CMakeFiles/CMakeTmp/CheckSymbolExists.cxx:
/* */
#include <QtCore/qglobal.h>

int main(int argc, char** argv)
{
  (void)argv;
#ifndef Q_WS_MAC
  return ((int*)(&Q_WS_MAC))[argc];
#else
  (void)argc;
  return 0;
#endif
}

Determining if the pthread_create exist failed with the following output:
Change Dir: /home/gunshi/Downloads/MultiRobot/backward/build/CMakeFiles/CMakeTmp

Run Build Command:"/usr/bin/make" "cmTC_0c10a/fast"
/usr/bin/make -f CMakeFiles/cmTC_0c10a.dir/build.make CMakeFiles/cmTC_0c10a.dir/build
make[1]: Entering directory '/home/gunshi/Downloads/MultiRobot/backward/build/CMakeFiles/CMakeTmp'
Building C object CMakeFiles/cmTC_0c10a.dir/CheckSymbolExists.c.o
/usr/bin/cc  -DLAPACK_USE_F2C  -Wall -W    -o CMakeFiles/cmTC_0c10a.dir/CheckSymbolExists.c.o   -c /home/gunshi/Downloads/MultiRobot/backward/build/CMakeFiles/CMakeTmp/CheckSymbolExists.c
Linking C executable cmTC_0c10a
/usr/bin/cmake -E cmake_link_script CMakeFiles/cmTC_0c10a.dir/link.txt --verbose=1
/usr/bin/cc    -Wall -W     CMakeFiles/cmTC_0c10a.dir/CheckSymbolExists.c.o  -o cmTC_0c10a -rdynamic 
CMakeFiles/cmTC_0c10a.dir/CheckSymbolExists.c.o: In function `main':
CheckSymbolExists.c:(.text+0x16): undefined reference to `pthread_create'
collect2: error: ld returned 1 exit status
CMakeFiles/cmTC_0c10a.dir/build.make:97: recipe for target 'cmTC_0c10a' failed
make[1]: *** [cmTC_0c10a] Error 1
make[1]: Leaving directory '/home/gunshi/Downloads/MultiRobot/backward/build/CMakeFiles/CMakeTmp'
Makefile:126: recipe for target 'cmTC_0c10a/fast' failed
make: *** [cmTC_0c10a/fast] Error 2

File /home/gunshi/Downloads/MultiRobot/backward/build/CMakeFiles/CMakeTmp/CheckSymbolExists.c:
/* */
#include <pthread.h>

int main(int argc, char** argv)
{
  (void)argv;
#ifndef pthread_create
  return ((int*)(&pthread_create))[argc];
#else
  (void)argc;
  return 0;
#endif
}

Determining if the function pthread_create exists in the pthreads failed with the following output:
Change Dir: /home/gunshi/Downloads/MultiRobot/backward/build/CMakeFiles/CMakeTmp

Run Build Command:"/usr/bin/make" "cmTC_93a22/fast"
/usr/bin/make -f CMakeFiles/cmTC_93a22.dir/build.make CMakeFiles/cmTC_93a22.dir/build
make[1]: Entering directory '/home/gunshi/Downloads/MultiRobot/backward/build/CMakeFiles/CMakeTmp'
Building C object CMakeFiles/cmTC_93a22.dir/CheckFunctionExists.c.o
/usr/bin/cc  -DLAPACK_USE_F2C  -Wall -W -DCHECK_FUNCTION_EXISTS=pthread_create   -o CMakeFiles/cmTC_93a22.dir/CheckFunctionExists.c.o   -c /usr/share/cmake-3.5/Modules/CheckFunctionExists.c
Linking C executable cmTC_93a22
/usr/bin/cmake -E cmake_link_script CMakeFiles/cmTC_93a22.dir/link.txt --verbose=1
/usr/bin/cc    -Wall -W -DCHECK_FUNCTION_EXISTS=pthread_create    CMakeFiles/cmTC_93a22.dir/CheckFunctionExists.c.o  -o cmTC_93a22 -rdynamic -lpthreads 
/usr/bin/ld: cannot find -lpthreads
collect2: error: ld returned 1 exit status
CMakeFiles/cmTC_93a22.dir/build.make:97: recipe for target 'cmTC_93a22' failed
make[1]: *** [cmTC_93a22] Error 1
make[1]: Leaving directory '/home/gunshi/Downloads/MultiRobot/backward/build/CMakeFiles/CMakeTmp'
Makefile:126: recipe for target 'cmTC_93a22/fast' failed
make: *** [cmTC_93a22/fast] Error 2


Determining if the Q_WS_WIN exist failed with the following output:
Change Dir: /home/gunshi/Downloads/MultiRobot/backward2/build/CMakeFiles/CMakeTmp

Run Build Command:"/usr/bin/make" "cmTC_78c5c/fast"
/usr/bin/make -f CMakeFiles/cmTC_78c5c.dir/build.make CMakeFiles/cmTC_78c5c.dir/build
make[1]: Entering directory '/home/gunshi/Downloads/MultiRobot/backward2/build/CMakeFiles/CMakeTmp'
Building CXX object CMakeFiles/cmTC_78c5c.dir/CheckSymbolExists.cxx.o
/usr/bin/c++   -DLAPACK_USE_F2C -I/usr/include/qt4   -o CMakeFiles/cmTC_78c5c.dir/CheckSymbolExists.cxx.o -c /home/gunshi/Downloads/MultiRobot/backward2/build/CMakeFiles/CMakeTmp/CheckSymbolExists.cxx
/home/gunshi/Downloads/MultiRobot/backward2/build/CMakeFiles/CMakeTmp/CheckSymbolExists.cxx: In function ‘int main(int, char**)’:
/home/gunshi/Downloads/MultiRobot/backward2/build/CMakeFiles/CMakeTmp/CheckSymbolExists.cxx:8:19: error: ‘Q_WS_WIN’ was not declared in this scope
   return ((int*)(&Q_WS_WIN))[argc];
                   ^
CMakeFiles/cmTC_78c5c.dir/build.make:65: recipe for target 'CMakeFiles/cmTC_78c5c.dir/CheckSymbolExists.cxx.o' failed
make[1]: *** [CMakeFiles/cmTC_78c5c.dir/CheckSymbolExists.cxx.o] Error 1
make[1]: Leaving directory '/home/gunshi/Downloads/MultiRobot/backward2/build/CMakeFiles/CMakeTmp'
Makefile:126: recipe for target 'cmTC_78c5c/fast' failed
make: *** [cmTC_78c5c/fast] Error 2

File /home/gunshi/Downloads/MultiRobot/backward2/build/CMakeFiles/CMakeTmp/CheckSymbolExists.cxx:
/* */
#include <QtCore/qglobal.h>

int main(int argc, char** argv)
{
  (void)argv;
#ifndef Q_WS_WIN
  return ((int*)(&Q_WS_WIN))[argc];
#else
  (void)argc;
  return 0;
#endif
}

Determining if the Q_WS_QWS exist failed with the following output:
Change Dir: /home/gunshi/Downloads/MultiRobot/backward2/build/CMakeFiles/CMakeTmp

Run Build Command:"/usr/bin/make" "cmTC_c76fc/fast"
/usr/bin/make -f CMakeFiles/cmTC_c76fc.dir/build.make CMakeFiles/cmTC_c76fc.dir/build
make[1]: Entering directory '/home/gunshi/Downloads/MultiRobot/backward2/build/CMakeFiles/CMakeTmp'
Building CXX object CMakeFiles/cmTC_c76fc.dir/CheckSymbolExists.cxx.o
/usr/bin/c++   -DLAPACK_USE_F2C -I/usr/include/qt4   -o CMakeFiles/cmTC_c76fc.dir/CheckSymbolExists.cxx.o -c /home/gunshi/Downloads/MultiRobot/backward2/build/CMakeFiles/CMakeTmp/CheckSymbolExists.cxx
/home/gunshi/Downloads/MultiRobot/backward2/build/CMakeFiles/CMakeTmp/CheckSymbolExists.cxx: In function ‘int main(int, char**)’:
/home/gunshi/Downloads/MultiRobot/backward2/build/CMakeFiles/CMakeTmp/CheckSymbolExists.cxx:8:19: error: ‘Q_WS_QWS’ was not declared in this scope
   return ((int*)(&Q_WS_QWS))[argc];
                   ^
CMakeFiles/cmTC_c76fc.dir/build.make:65: recipe for target 'CMakeFiles/cmTC_c76fc.dir/CheckSymbolExists.cxx.o' failed
make[1]: *** [CMakeFiles/cmTC_c76fc.dir/CheckSymbolExists.cxx.o] Error 1
make[1]: Leaving directory '/home/gunshi/Downloads/MultiRobot/backward2/build/CMakeFiles/CMakeTmp'
Makefile:126: recipe for target 'cmTC_c76fc/fast' failed
make: *** [cmTC_c76fc/fast] Error 2

File /home/gunshi/Downloads/MultiRobot/backward2/build/CMakeFiles/CMakeTmp/CheckSymbolExists.cxx:
/* */
#include <QtCore/qglobal.h>

int main(int argc, char** argv)
{
  (void)argv;
#ifndef Q_WS_QWS
  return ((int*)(&Q_WS_QWS))[argc];
#else
  (void)argc;
  return 0;
#endif
}

Determining if the Q_WS_MAC exist failed with the following output:
Change Dir: /home/gunshi/Downloads/MultiRobot/backward2/build/CMakeFiles/CMakeTmp

Run Build Command:"/usr/bin/make" "cmTC_3f935/fast"
/usr/bin/make -f CMakeFiles/cmTC_3f935.dir/build.make CMakeFiles/cmTC_3f935.dir/build
make[1]: Entering directory '/home/gunshi/Downloads/MultiRobot/backward2/build/CMakeFiles/CMakeTmp'
Building CXX object CMakeFiles/cmTC_3f935.dir/CheckSymbolExists.cxx.o
/usr/bin/c++   -DLAPACK_USE_F2C -I/usr/include/qt4   -o CMakeFiles/cmTC_3f935.dir/CheckSymbolExists.cxx.o -c /home/gunshi/Downloads/MultiRobot/backward2/build/CMakeFiles/CMakeTmp/CheckSymbolExists.cxx
/home/gunshi/Downloads/MultiRobot/backward2/build/CMakeFiles/CMakeTmp/CheckSymbolExists.cxx: In function ‘int main(int, char**)’:
/home/gunshi/Downloads/MultiRobot/backward2/build/CMakeFiles/CMakeTmp/CheckSymbolExists.cxx:8:19: error: ‘Q_WS_MAC’ was not declared in this scope
   return ((int*)(&Q_WS_MAC))[argc];
                   ^
CMakeFiles/cmTC_3f935.dir/build.make:65: recipe for target 'CMakeFiles/cmTC_3f935.dir/CheckSymbolExists.cxx.o' failed
make[1]: *** [CMakeFiles/cmTC_3f935.dir/CheckSymbolExists.cxx.o] Error 1
make[1]: Leaving directory '/home/gunshi/Downloads/MultiRobot/backward2/build/CMakeFiles/CMakeTmp'
Makefile:126: recipe for target 'cmTC_3f935/fast' failed
make: *** [cmTC_3f935/fast] Error 2

File /home/gunshi/Downloads/MultiRobot/backward2/build/CMakeFiles/CMakeTmp/CheckSymbolExists.cxx:
/* */
#include <QtCore/qglobal.h>

int main(int argc, char** argv)
{
  (void)argv;
#ifndef Q_WS_MAC
  return ((int*)(&Q_WS_MAC))[argc];
#else
  (void)argc;
  return 0;
#endif
}

Determining if the pthread_create exist failed with the following output:
Change Dir: /home/gunshi/Downloads/MultiRobot/backward2/build/CMakeFiles/CMakeTmp

Run Build Command:"/usr/bin/make" "cmTC_b24b7/fast"
/usr/bin/make -f CMakeFiles/cmTC_b24b7.dir/build.make CMakeFiles/cmTC_b24b7.dir/build
make[1]: Entering directory '/home/gunshi/Downloads/MultiRobot/backward2/build/CMakeFiles/CMakeTmp'
Building C object CMakeFiles/cmTC_b24b7.dir/CheckSymbolExists.c.o
/usr/bin/cc  -DLAPACK_USE_F2C  -Wall -W    -o CMakeFiles/cmTC_b24b7.dir/CheckSymbolExists.c.o   -c /home/gunshi/Downloads/MultiRobot/backward2/build/CMakeFiles/CMakeTmp/CheckSymbolExists.c
Linking C executable cmTC_b24b7
/usr/bin/cmake -E cmake_link_script CMakeFiles/cmTC_b24b7.dir/link.txt --verbose=1
/usr/bin/cc    -Wall -W     CMakeFiles/cmTC_b24b7.dir/CheckSymbolExists.c.o  -o cmTC_b24b7 -rdynamic 
CMakeFiles/cmTC_b24b7.dir/CheckSymbolExists.c.o: In function `main':
CheckSymbolExists.c:(.text+0x16): undefined reference to `pthread_create'
collect2: error: ld returned 1 exit status
CMakeFiles/cmTC_b24b7.dir/build.make:97: recipe for target 'cmTC_b24b7' failed
make[1]: *** [cmTC_b24b7] Error 1
make[1]: Leaving directory '/home/gunshi/Downloads/MultiRobot/backward2/build/CMakeFiles/CMakeTmp'
Makefile:126: recipe for target 'cmTC_b24b7/fast' failed
make: *** [cmTC_b24b7/fast] Error 2

File /home/gunshi/Downloads/MultiRobot/backward2/build/CMakeFiles/CMakeTmp/CheckSymbolExists.c:
/* */
#include <pthread.h>

int main(int argc, char** argv)
{
  (void)argv;
#ifndef pthread_create
  return ((int*)(&pthread_create))[argc];
#else
  (void)argc;
  return 0;
#endif
}

Determining if the function pthread_create exists in the pthreads failed with the following output:
Change Dir: /home/gunshi/Downloads/MultiRobot/backward2/build/CMakeFiles/CMakeTmp

Run Build Command:"/usr/bin/make" "cmTC_32ba1/fast"
/usr/bin/make -f CMakeFiles/cmTC_32ba1.dir/build.make CMakeFiles/cmTC_32ba1.dir/build
make[1]: Entering directory '/home/gunshi/Downloads/MultiRobot/backward2/build/CMakeFiles/CMakeTmp'
Building C object CMakeFiles/cmTC_32ba1.dir/CheckFunctionExists.c.o
/usr/bin/cc  -DLAPACK_USE_F2C  -Wall -W -DCHECK_FUNCTION_EXISTS=pthread_create   -o CMakeFiles/cmTC_32ba1.dir/CheckFunctionExists.c.o   -c /usr/share/cmake-3.5/Modules/CheckFunctionExists.c
Linking C executable cmTC_32ba1
/usr/bin/cmake -E cmake_link_script CMakeFiles/cmTC_32ba1.dir/link.txt --verbose=1
/usr/bin/cc    -Wall -W -DCHECK_FUNCTION_EXISTS=pthread_create    CMakeFiles/cmTC_32ba1.dir/CheckFunctionExists.c.o  -o cmTC_32ba1 -rdynamic -lpthreads 
/usr/bin/ld: cannot find -lpthreads
collect2: error: ld returned 1 exit status
CMakeFiles/cmTC_32ba1.dir/build.make:97: recipe for target 'cmTC_32ba1' failed
make[1]: *** [cmTC_32ba1] Error 1
make[1]: Leaving directory '/home/gunshi/Downloads/MultiRobot/backward2/build/CMakeFiles/CMakeTmp'
Makefile:126: recipe for target 'cmTC_32ba1/fast' failed
make: *** [cmTC_32ba1/fast] Error 2


Determining if the Q_WS_WIN exist failed with the following output:
Change Dir: /home/gunshi/Downloads/MultiRobot/3dmerge/build/CMakeFiles/CMakeTmp

Run Build Command:"/usr/bin/make" "cmTC_33039/fast"
/usr/bin/make -f CMakeFiles/cmTC_33039.dir/build.make CMakeFiles/cmTC_33039.dir/build
make[1]: Entering directory '/home/gunshi/Downloads/MultiRobot/3dmerge/build/CMakeFiles/CMakeTmp'
Building CXX object CMakeFiles/cmTC_33039.dir/CheckSymbolExists.cxx.o
/usr/bin/c++   -DLAPACK_USE_F2C -I/usr/include/qt4   -o CMakeFiles/cmTC_33039.dir/CheckSymbolExists.cxx.o -c /home/gunshi/Downloads/MultiRobot/3dmerge/build/CMakeFiles/CMakeTmp/CheckSymbolExists.cxx
/home/gunshi/Downloads/MultiRobot/3dmerge/build/CMakeFiles/CMakeTmp/CheckSymbolExists.cxx: In function ‘int main(int, char**)’:
/home/gunshi/Downloads/MultiRobot/3dmerge/build/CMakeFiles/CMakeTmp/CheckSymbolExists.cxx:8:19: error: ‘Q_WS_WIN’ was not declared in this scope
   return ((int*)(&Q_WS_WIN))[argc];
                   ^
CMakeFiles/cmTC_33039.dir/build.make:65: recipe for target 'CMakeFiles/cmTC_33039.dir/CheckSymbolExists.cxx.o' failed
make[1]: *** [CMakeFiles/cmTC_33039.dir/CheckSymbolExists.cxx.o] Error 1
make[1]: Leaving directory '/home/gunshi/Downloads/MultiRobot/3dmerge/build/CMakeFiles/CMakeTmp'
Makefile:126: recipe for target 'cmTC_33039/fast' failed
make: *** [cmTC_33039/fast] Error 2

File /home/gunshi/Downloads/MultiRobot/3dmerge/build/CMakeFiles/CMakeTmp/CheckSymbolExists.cxx:
/* */
#include <QtCore/qglobal.h>

int main(int argc, char** argv)
{
  (void)argv;
#ifndef Q_WS_WIN
  return ((int*)(&Q_WS_WIN))[argc];
#else
  (void)argc;
  return 0;
#endif
}

Determining if the Q_WS_QWS exist failed with the following output:
Change Dir: /home/gunshi/Downloads/MultiRobot/3dmerge/build/CMakeFiles/CMakeTmp

Run Build Command:"/usr/bin/make" "cmTC_3fbd4/fast"
/usr/bin/make -f CMakeFiles/cmTC_3fbd4.dir/build.make CMakeFiles/cmTC_3fbd4.dir/build
make[1]: Entering directory '/home/gunshi/Downloads/MultiRobot/3dmerge/build/CMakeFiles/CMakeTmp'
Building CXX object CMakeFiles/cmTC_3fbd4.dir/CheckSymbolExists.cxx.o
/usr/bin/c++   -DLAPACK_USE_F2C -I/usr/include/qt4   -o CMakeFiles/cmTC_3fbd4.dir/CheckSymbolExists.cxx.o -c /home/gunshi/Downloads/MultiRobot/3dmerge/build/CMakeFiles/CMakeTmp/CheckSymbolExists.cxx
/home/gunshi/Downloads/MultiRobot/3dmerge/build/CMakeFiles/CMakeTmp/CheckSymbolExists.cxx: In function ‘int main(int, char**)’:
/home/gunshi/Downloads/MultiRobot/3dmerge/build/CMakeFiles/CMakeTmp/CheckSymbolExists.cxx:8:19: error: ‘Q_WS_QWS’ was not declared in this scope
   return ((int*)(&Q_WS_QWS))[argc];
                   ^
CMakeFiles/cmTC_3fbd4.dir/build.make:65: recipe for target 'CMakeFiles/cmTC_3fbd4.dir/CheckSymbolExists.cxx.o' failed
make[1]: *** [CMakeFiles/cmTC_3fbd4.dir/CheckSymbolExists.cxx.o] Error 1
make[1]: Leaving directory '/home/gunshi/Downloads/MultiRobot/3dmerge/build/CMakeFiles/CMakeTmp'
Makefile:126: recipe for target 'cmTC_3fbd4/fast' failed
make: *** [cmTC_3fbd4/fast] Error 2

File /home/gunshi/Downloads/MultiRobot/3dmerge/build/CMakeFiles/CMakeTmp/CheckSymbolExists.cxx:
/* */
#include <QtCore/qglobal.h>

int main(int argc, char** argv)
{
  (void)argv;
#ifndef Q_WS_QWS
  return ((int*)(&Q_WS_QWS))[argc];
#else
  (void)argc;
  return 0;
#endif
}

Determining if the Q_WS_MAC exist failed with the following output:
Change Dir: /home/gunshi/Downloads/MultiRobot/3dmerge/build/CMakeFiles/CMakeTmp

Run Build Command:"/usr/bin/make" "cmTC_65746/fast"
/usr/bin/make -f CMakeFiles/cmTC_65746.dir/build.make CMakeFiles/cmTC_65746.dir/build
make[1]: Entering directory '/home/gunshi/Downloads/MultiRobot/3dmerge/build/CMakeFiles/CMakeTmp'
Building CXX object CMakeFiles/cmTC_65746.dir/CheckSymbolExists.cxx.o
/usr/bin/c++   -DLAPACK_USE_F2C -I/usr/include/qt4   -o CMakeFiles/cmTC_65746.dir/CheckSymbolExists.cxx.o -c /home/gunshi/Downloads/MultiRobot/3dmerge/build/CMakeFiles/CMakeTmp/CheckSymbolExists.cxx
/home/gunshi/Downloads/MultiRobot/3dmerge/build/CMakeFiles/CMakeTmp/CheckSymbolExists.cxx: In function ‘int main(int, char**)’:
/home/gunshi/Downloads/MultiRobot/3dmerge/build/CMakeFiles/CMakeTmp/CheckSymbolExists.cxx:8:19: error: ‘Q_WS_MAC’ was not declared in this scope
   return ((int*)(&Q_WS_MAC))[argc];
                   ^
CMakeFiles/cmTC_65746.dir/build.make:65: recipe for target 'CMakeFiles/cmTC_65746.dir/CheckSymbolExists.cxx.o' failed
make[1]: *** [CMakeFiles/cmTC_65746.dir/CheckSymbolExists.cxx.o] Error 1
make[1]: Leaving directory '/home/gunshi/Downloads/MultiRobot/3dmerge/build/CMakeFiles/CMakeTmp'
Makefile:126: recipe for target 'cmTC_65746/fast' failed
make: *** [cmTC_65746/fast] Error 2

File /home/gunshi/Downloads/MultiRobot/3dmerge/build/CMakeFiles/CMakeTmp/CheckSymbolExists.cxx:
/* */
#include <QtCore/qglobal.h>

int main(int argc, char** argv)
{
  (void)argv;
#ifndef Q_WS_MAC
  return ((int*)(&Q_WS_MAC))[argc];
#else
  (void)argc;
  return 0;
#endif
}

Determining if the pthread_create exist failed with the following output:
Change Dir: /home/gunshi/Downloads/MultiRobot/3dmerge/build/CMakeFiles/CMakeTmp

Run Build Command:"/usr/bin/make" "cmTC_af46d/fast"
/usr/bin/make -f CMakeFiles/cmTC_af46d.dir/build.make CMakeFiles/cmTC_af46d.dir/build
make[1]: Entering directory '/home/gunshi/Downloads/MultiRobot/3dmerge/build/CMakeFiles/CMakeTmp'
Building C object CMakeFiles/cmTC_af46d.dir/CheckSymbolExists.c.o
/usr/bin/cc  -DLAPACK_USE_F2C  -Wall -W    -o CMakeFiles/cmTC_af46d.dir/CheckSymbolExists.c.o   -c /home/gunshi/Downloads/MultiRobot/3dmerge/build/CMakeFiles/CMakeTmp/CheckSymbolExists.c
Linking C executable cmTC_af46d
/usr/bin/cmake -E cmake_link_script CMakeFiles/cmTC_af46d.dir/link.txt --verbose=1
/usr/bin/cc    -Wall -W     CMakeFiles/cmTC_af46d.dir/CheckSymbolExists.c.o  -o cmTC_af46d -rdynamic 
CMakeFiles/cmTC_af46d.dir/CheckSymbolExists.c.o: In function `main':
CheckSymbolExists.c:(.text+0x16): undefined reference to `pthread_create'
collect2: error: ld returned 1 exit status
CMakeFiles/cmTC_af46d.dir/build.make:97: recipe for target 'cmTC_af46d' failed
make[1]: *** [cmTC_af46d] Error 1
make[1]: Leaving directory '/home/gunshi/Downloads/MultiRobot/3dmerge/build/CMakeFiles/CMakeTmp'
Makefile:126: recipe for target 'cmTC_af46d/fast' failed
make: *** [cmTC_af46d/fast] Error 2

File /home/gunshi/Downloads/MultiRobot/3dmerge/build/CMakeFiles/CMakeTmp/CheckSymbolExists.c:
/* */
#include <pthread.h>

int main(int argc, char** argv)
{
  (void)argv;
#ifndef pthread_create
  return ((int*)(&pthread_create))[argc];
#else
  (void)argc;
  return 0;
#endif
}

Determining if the function pthread_create exists in the pthreads failed with the following output:
Change Dir: /home/gunshi/Downloads/MultiRobot/3dmerge/build/CMakeFiles/CMakeTmp

Run Build Command:"/usr/bin/make" "cmTC_f7457/fast"
/usr/bin/make -f CMakeFiles/cmTC_f7457.dir/build.make CMakeFiles/cmTC_f7457.dir/build
make[1]: Entering directory '/home/gunshi/Downloads/MultiRobot/3dmerge/build/CMakeFiles/CMakeTmp'
Building C object CMakeFiles/cmTC_f7457.dir/CheckFunctionExists.c.o
/usr/bin/cc  -DLAPACK_USE_F2C  -Wall -W -DCHECK_FUNCTION_EXISTS=pthread_create   -o CMakeFiles/cmTC_f7457.dir/CheckFunctionExists.c.o   -c /usr/share/cmake-3.5/Modules/CheckFunctionExists.c
Linking C executable cmTC_f7457
/usr/bin/cmake -E cmake_link_script CMakeFiles/cmTC_f7457.dir/link.txt --verbose=1
/usr/bin/cc    -Wall -W -DCHECK_FUNCTION_EXISTS=pthread_create    CMakeFiles/cmTC_f7457.dir/CheckFunctionExists.c.o  -o cmTC_f7457 -rdynamic -lpthreads 
/usr/bin/ld: cannot find -lpthreads
collect2: error: ld returned 1 exit status
CMakeFiles/cmTC_f7457.dir/build.make:97: recipe for target 'cmTC_f7457' failed
make[1]: *** [cmTC_f7457] Error 1
make[1]: Leaving directory '/home/gunshi/Downloads/MultiRobot/3dmerge/build/CMakeFiles/CMakeTmp'
Makefile:126: recipe for target 'cmTC_f7457/fast' failed
make: *** [cmTC_f7457/fast] Error 2


